<?xml version="1.0" encoding="UTF-8"?>
<testng-results skipped="0" failed="0" ignored="0" total="2" passed="2">
  <reporter-output>
  </reporter-output>
  <suite name="Default suite" duration-ms="50" started-at="2019-02-13T08:12:57Z" finished-at="2019-02-13T08:12:57Z">
    <groups>
      <group name="smoke">
        <method signature="NewTest.testCase2()[pri:0, instance:com.testng.com.NewTest@1753acfe]" name="testCase2" class="com.testng.com.NewTest"/>
      </group> <!-- smoke -->
      <group name="sanity">
        <method signature="NewTest.testCase1()[pri:0, instance:com.testng.com.NewTest@1753acfe]" name="testCase1" class="com.testng.com.NewTest"/>
      </group> <!-- sanity -->
    </groups>
    <test name="Default test" duration-ms="50" started-at="2019-02-13T08:12:57Z" finished-at="2019-02-13T08:12:57Z">
      <class name="com.testng.com.NewTest">
        <test-method status="PASS" signature="beforeSuite()[pri:0, instance:com.testng.com.NewTest@1753acfe]" name="beforeSuite" is-config="true" duration-ms="21" started-at="2019-02-13T08:12:57Z" finished-at="2019-02-13T08:12:57Z">
          <reporter-output>
          </reporter-output>
        </test-method> <!-- beforeSuite -->
        <test-method status="PASS" signature="beforeTest()[pri:0, instance:com.testng.com.NewTest@1753acfe]" name="beforeTest" is-config="true" duration-ms="0" started-at="2019-02-13T08:12:57Z" finished-at="2019-02-13T08:12:57Z">
          <reporter-output>
          </reporter-output>
        </test-method> <!-- beforeTest -->
        <test-method status="PASS" signature="beforeClass()[pri:0, instance:com.testng.com.NewTest@1753acfe]" name="beforeClass" is-config="true" duration-ms="0" started-at="2019-02-13T08:12:57Z" finished-at="2019-02-13T08:12:57Z">
          <reporter-output>
          </reporter-output>
        </test-method> <!-- beforeClass -->
        <test-method status="PASS" signature="beforeMethod()[pri:0, instance:com.testng.com.NewTest@1753acfe]" name="beforeMethod" is-config="true" duration-ms="1" started-at="2019-02-13T08:12:57Z" finished-at="2019-02-13T08:12:57Z">
          <reporter-output>
          </reporter-output>
        </test-method> <!-- beforeMethod -->
        <test-method status="PASS" signature="testCase1()[pri:0, instance:com.testng.com.NewTest@1753acfe]" name="testCase1" duration-ms="8" started-at="2019-02-13T08:12:57Z" finished-at="2019-02-13T08:12:57Z">
          <reporter-output>
          </reporter-output>
        </test-method> <!-- testCase1 -->
        <test-method status="PASS" signature="afterMethod()[pri:0, instance:com.testng.com.NewTest@1753acfe]" name="afterMethod" is-config="true" duration-ms="1" started-at="2019-02-13T08:12:57Z" finished-at="2019-02-13T08:12:57Z">
          <reporter-output>
          </reporter-output>
        </test-method> <!-- afterMethod -->
        <test-method status="PASS" signature="beforeMethod()[pri:0, instance:com.testng.com.NewTest@1753acfe]" name="beforeMethod" is-config="true" duration-ms="0" started-at="2019-02-13T08:12:57Z" finished-at="2019-02-13T08:12:57Z">
          <reporter-output>
          </reporter-output>
        </test-method> <!-- beforeMethod -->
        <test-method status="PASS" signature="testCase2()[pri:0, instance:com.testng.com.NewTest@1753acfe]" name="testCase2" duration-ms="3" started-at="2019-02-13T08:12:57Z" finished-at="2019-02-13T08:12:57Z">
          <reporter-output>
          </reporter-output>
        </test-method> <!-- testCase2 -->
        <test-method status="PASS" signature="afterMethod()[pri:0, instance:com.testng.com.NewTest@1753acfe]" name="afterMethod" is-config="true" duration-ms="1" started-at="2019-02-13T08:12:57Z" finished-at="2019-02-13T08:12:57Z">
          <reporter-output>
          </reporter-output>
        </test-method> <!-- afterMethod -->
        <test-method status="PASS" signature="afterClass()[pri:0, instance:com.testng.com.NewTest@1753acfe]" name="afterClass" is-config="true" duration-ms="1" started-at="2019-02-13T08:12:57Z" finished-at="2019-02-13T08:12:57Z">
          <reporter-output>
          </reporter-output>
        </test-method> <!-- afterClass -->
        <test-method status="PASS" signature="afterTest()[pri:0, instance:com.testng.com.NewTest@1753acfe]" name="afterTest" is-config="true" duration-ms="0" started-at="2019-02-13T08:12:57Z" finished-at="2019-02-13T08:12:57Z">
          <reporter-output>
          </reporter-output>
        </test-method> <!-- afterTest -->
        <test-method status="PASS" signature="afterSuite()[pri:0, instance:com.testng.com.NewTest@1753acfe]" name="afterSuite" is-config="true" duration-ms="1" started-at="2019-02-13T08:12:58Z" finished-at="2019-02-13T08:12:58Z">
          <reporter-output>
          </reporter-output>
        </test-method> <!-- afterSuite -->
      </class> <!-- com.testng.com.NewTest -->
    </test> <!-- Default test -->
  </suite> <!-- Default suite -->
</testng-results>
